\BOOKMARK [1][-]{section.1}{\376\377\000G\000e\000n\000e\000r\000a\000l\000i\000z\000e\000d\000\040\000L\000e\000a\000s\000t\000\040\000S\000q\000u\000a\000r\000e\000s}{}% 1
\BOOKMARK [2][-]{subsection.1.1}{\376\377\000G\000L\000S\000,\000\040\000\040\000k\000n\000o\000w\000n\000\040\000\050\000=\000\050\000X\000\040\000-\0001\000\040\000X\000\051\000-\0001\000\040\000X\000\040\000-\0001\000\040\000y\000,\000\040\000R\000S\000S\000=\000\050\000y\000-\000X\000\040\000\051\000\040\000-\0001\000\050\000y\000-\000X\000\040\000\051\000\051}{section.1}% 2
\BOOKMARK [3][-]{subsubsection.1.1.1}{\376\377\000M\000e\000t\000h\000o\000d\000\040\0001\000:\000\040\000T\000r\000a\000n\000s\000f\000o\000r\000m\000\040\000b\000a\000c\000k\000\040\000t\000o\000\040\000O\000L\000S}{subsection.1.1}% 3
\BOOKMARK [3][-]{subsubsection.1.1.2}{\376\377\000W\000e\000i\000g\000h\000t\000e\000d\000\040\000L\000e\000a\000s\000t\000\040\000S\000q\000u\000a\000r\000e\000s\000\040\000\050\000W\000L\000S\000\051}{subsection.1.1}% 4
\BOOKMARK [3][-]{subsubsection.1.1.3}{\376\377\000W\000L\000S\000\040\000s\000p\000e\000c\000i\000a\000l\000\040\000e\000x\000a\000m\000p\000l\000e\000\040\000:\000\040\000R\000e\000p\000l\000i\000c\000a\000t\000e\000d\000\040\000O\000b\000s\000e\000r\000v\000a\000t\000i\000o\000n\000s}{subsection.1.1}% 5
\BOOKMARK [3][-]{subsubsection.1.1.4}{\376\377\000M\000e\000t\000h\000o\000d\000\040\0002\000:\000\040\000L\000i\000k\000e\000l\000i\000h\000o\000o\000d\000\040\000E\000s\000t\000i\000m\000a\000t\000i\000o\000n}{subsection.1.1}% 6
\BOOKMARK [2][-]{subsection.1.2}{\376\377\000G\000L\000S\000,\000\040\000\040\000u\000n\000k\000n\000o\000w\000n}{section.1}% 7
\BOOKMARK [3][-]{subsubsection.1.2.1}{\376\377\000M\000e\000t\000h\000o\000d\000\040\0001\000:\000\040\000E\000s\000t\000i\000m\000a\000t\000i\000o\000n\000\040\000o\000f\000\040\000V\000a\000r\000i\000a\000n\000c\000e\000\040\000\050\000r\000i\0002\000\051\000/\000S\000t\000a\000n\000d\000a\000r\000d\000\040\000D\000e\000v\000i\000a\000t\000i\000o\000n\000\040\000F\000u\000n\000c\000t\000i\000o\000n\000\040\000\050\000|\000r\000i\000|\000\051}{subsection.1.2}% 8
\BOOKMARK [3][-]{subsubsection.1.2.2}{\376\377\000M\000e\000t\000h\000o\000d\000\040\0002\000:\000\040\000i\000t\000e\000r\000a\000t\000i\000v\000e\000\040\000a\000p\000p\000r\000o\000a\000c\000h}{subsection.1.2}% 9
\BOOKMARK [1][-]{section.2}{\376\377\000L\000a\000c\000k\000\040\000o\000f\000\040\000F\000i\000t\000\040\000T\000e\000s\000t\000s}{}% 10
\BOOKMARK [2][-]{subsection.2.1}{\376\377\000G\000a\000u\000s\000s\000i\000a\000n\000\040\000A\000s\000s\000u\000m\000p\000t\000i\000o\000n}{section.2}% 11
\BOOKMARK [2][-]{subsection.2.2}{\376\377\000W\000h\000e\000n\000\040\0002\000\040\000i\000s\000\040\000k\000n\000o\000w\000n}{section.2}% 12
\BOOKMARK [2][-]{subsection.2.3}{\376\377\000W\000h\000e\000n\000\040\0002\000\040\000i\000s\000\040\000u\000n\000k\000n\000o\000w\000n}{section.2}% 13
\BOOKMARK [3][-]{subsubsection.2.3.1}{\376\377\000H\000y\000p\000o\000t\000h\000e\000s\000i\000s}{subsection.2.3}% 14
\BOOKMARK [3][-]{subsubsection.2.3.2}{\376\377\000U\000n\000d\000e\000r\000\040\000t\000h\000e\000\040\000n\000u\000l\000l\000\040\000h\000y\000p\000o\000t\000h\000e\000s\000i\000s\000\040\000H\0000}{subsection.2.3}% 15
\BOOKMARK [3][-]{subsubsection.2.3.3}{\376\377\000U\000n\000d\000e\000r\000\040\000t\000h\000e\000\040\000a\000l\000t\000e\000r\000n\000a\000t\000i\000v\000e\000\040\000b\000i\000g\000-\000m\000o\000d\000e\000l\000\040\000h\000y\000p\000o\000t\000h\000e\000s\000i\000s\000\040\000H\000\040\000:}{subsection.2.3}% 16
\BOOKMARK [3][-]{subsubsection.2.3.4}{\376\377\000F\000-\000T\000e\000s\000t}{subsection.2.3}% 17
\BOOKMARK [1][-]{section.3}{\376\377\000P\000o\000l\000y\000n\000o\000m\000i\000a\000l\000s\000\040\000R\000e\000g\000r\000e\000s\000s\000i\000o\000n}{}% 18
\BOOKMARK [2][-]{subsection.3.1}{\376\377\000B\000a\000s\000i\000c\000\040\000F\000u\000n\000c\000t\000i\000o\000n}{section.3}% 19
\BOOKMARK [2][-]{subsection.3.2}{\376\377\000C\000h\000o\000o\000s\000e\000\040\000O\000r\000d\000e\000r\000\040\000d}{section.3}% 20
\BOOKMARK [2][-]{subsection.3.3}{\376\377\000O\000r\000t\000h\000o\000g\000o\000n\000a\000l\000\040\000P\000o\000l\000y\000n\000o\000m\000i\000a\000l\000s}{section.3}% 21
\BOOKMARK [2][-]{subsection.3.4}{\376\377\000P\000i\000e\000c\000e\000-\000w\000i\000s\000e\000\040\000P\000o\000l\000y\000n\000o\000m\000i\000a\000l\000s}{section.3}% 22
\BOOKMARK [2][-]{subsection.3.5}{\376\377\000C\000u\000b\000i\000c\000\040\000S\000p\000l\000i\000n\000e\000s}{section.3}% 23
\BOOKMARK [3][-]{subsubsection.3.5.1}{\376\377\000W\000h\000y\000\040\000S\000p\000l\000i\000n\000e}{subsection.3.5}% 24
\BOOKMARK [3][-]{subsubsection.3.5.2}{\376\377\000S\000e\000t\000t\000i\000n\000g\000s}{subsection.3.5}% 25
\BOOKMARK [3][-]{subsubsection.3.5.3}{\376\377\000N\000u\000m\000b\000e\000r\000\040\000o\000f\000\040\000f\000r\000e\000e\000\040\000p\000a\000r\000a\000m\000e\000t\000e\000r\000s\000:\000\040\000m\000+\0004}{subsection.3.5}% 26
\BOOKMARK [3][-]{subsubsection.3.5.4}{\376\377\000P\000r\000o\000p\000e\000r\000t\000i\000e\000s\000:\000\040\000l\000i\000n\000e\000a\000r\000\040\000c\000o\000m\000b\000i\000n\000a\000t\000i\000o\000n\000\040\000a\000l\000s\000o\000\040\000c\000u\000b\000i\000c\000\040\000s\000p\000l\000i\000n\000e}{subsection.3.5}% 27
\BOOKMARK [3][-]{subsubsection.3.5.5}{\376\377\000C\000u\000b\000i\000c\000\040\000S\000p\000l\000i\000n\000e\000s\000\040\000B\000a\000s\000i\000s}{subsection.3.5}% 28
\BOOKMARK [2][-]{subsection.3.6}{\376\377\000N\000a\000t\000u\000r\000a\000l\000\040\000C\000u\000b\000i\000c\000\040\000S\000p\000l\000i\000n\000e\000s\000\040\000\050\000N\000C\000S\000\051}{section.3}% 29
\BOOKMARK [3][-]{subsubsection.3.6.1}{\376\377\000D\000e\000g\000r\000e\000e\000\040\000o\000f\000\040\000F\000r\000e\000e\000d\000o\000m\000\040\000\050\000N\000u\000m\000b\000e\000r\000\040\000o\000f\000\040\000f\000r\000e\000e\000\040\000p\000a\000r\000a\000m\000e\000t\000e\000r\000s\000\051\000:\000\040\000m}{subsection.3.6}% 30
\BOOKMARK [3][-]{subsubsection.3.6.2}{\376\377\000N\000C\000S\000\040\000B\000a\000s\000i\000s}{subsection.3.6}% 31
\BOOKMARK [3][-]{subsubsection.3.6.3}{\376\377\000N\000o\000t\000e\000:\000\040\000W\000a\000s\000t\000e\000\040\000o\000f\000\040\000D\000a\000t\000a\000\040\000p\000o\000i\000n\000t\000s}{subsection.3.6}% 32
\BOOKMARK [2][-]{subsection.3.7}{\376\377\000R\000e\000g\000r\000e\000s\000s\000i\000o\000n\000\040\000S\000p\000l\000i\000n\000e\000s}{section.3}% 33
\BOOKMARK [2][-]{subsection.3.8}{\376\377\000K\000-\000F\000o\000l\000d\000\040\000C\000r\000o\000s\000s\000-\000V\000a\000l\000i\000d\000a\000t\000i\000o\000n}{section.3}% 34
\BOOKMARK [1][-]{section.4}{\376\377\000A\000N\000O\000V\000A\000:\000\040\000A\000N\000a\000l\000y\000s\000i\000s\000\040\000o\000f\000\040\000C\000O\000V\000A\000r\000i\000a\000n\000c\000e}{}% 35
\BOOKMARK [2][-]{subsection.4.1}{\376\377\000T\000w\000o\000\040\000l\000e\000v\000e\000l\000\040\000e\000x\000a\000m\000p\000l\000e}{section.4}% 36
\BOOKMARK [2][-]{subsection.4.2}{\376\377\000T\000w\000o\000-\000l\000e\000v\000e\000l\000\040\000T\000e\000s\000t\000:\000\040\000t\000-\000t\000e\000s\000t}{section.4}% 37
\BOOKMARK [2][-]{subsection.4.3}{\376\377\000M\000u\000l\000t\000i\000-\000l\000e\000v\000e\000l\000\040\000e\000x\000a\000m\000p\000l\000e}{section.4}% 38
\BOOKMARK [2][-]{subsection.4.4}{\376\377\000M\000u\000l\000t\000i\000-\000l\000e\000v\000e\000l\000\040\000T\000e\000s\000t\000:\000\040\000F\000-\000t\000e\000s\000t}{section.4}% 39
\BOOKMARK [1][-]{section.5}{\376\377\000V\000a\000r\000i\000a\000b\000l\000e\000\040\000S\000e\000l\000e\000c\000t\000i\000o\000n}{}% 40
\BOOKMARK [2][-]{subsection.5.1}{\376\377\000\040\000T\000r\000a\000i\000n\000i\000n\000g\000\040\000a\000n\000d\000\040\000T\000e\000s\000t\000\040\000E\000r\000r\000o\000r\000s}{section.5}% 41
\BOOKMARK [2][-]{subsection.5.2}{\376\377\000M\000o\000d\000e\000l\000\040\000s\000e\000l\000e\000c\000t\000i\000o\000n\000\040\000p\000r\000o\000c\000e\000d\000u\000r\000e\000s}{section.5}% 42
\BOOKMARK [3][-]{subsubsection.5.2.1}{\376\377\000T\000e\000s\000t\000i\000n\000g\000-\000b\000a\000s\000e\000d\000\040\000p\000r\000o\000c\000e\000d\000u\000r\000e\000s}{subsection.5.2}% 43
\BOOKMARK [3][-]{subsubsection.5.2.2}{\376\377\000C\000r\000i\000t\000e\000r\000i\000o\000n\000-\000b\000a\000s\000e\000d\000\040\000p\000r\000o\000c\000e\000d\000u\000r\000e\000s}{subsection.5.2}% 44
\BOOKMARK [1][-]{section.6}{\376\377\000S\000h\000r\000i\000n\000k\000a\000g\000e\000\040\000M\000e\000t\000h\000o\000d\000s}{}% 45
\BOOKMARK [2][-]{subsection.6.1}{\376\377\000\040\000P\000r\000i\000n\000c\000i\000p\000a\000l\000\040\000C\000o\000m\000p\000o\000n\000e\000n\000t\000s\000\040\000R\000e\000g\000r\000e\000s\000s\000i\000o\000n\000\040\000\050\000P\000C\000R\000\051}{section.6}% 46
\BOOKMARK [3][-]{subsubsection.6.1.1}{\376\377\000\040\000P\000r\000i\000n\000c\000i\000p\000a\000l\000\040\000C\000o\000m\000p\000o\000n\000e\000n\000t\000\040\000A\000n\000a\000l\000y\000s\000i\000s\000\040\000\050\000P\000C\000A\000\051}{subsection.6.1}% 47
\BOOKMARK [3][-]{subsubsection.6.1.2}{\376\377\000A\000f\000t\000e\000r\000\040\000P\000C\000A}{subsection.6.1}% 48
\BOOKMARK [3][-]{subsubsection.6.1.3}{\376\377\000U\000s\000e\000\040\000H\000o\000w\000\040\000m\000a\000n\000y\000\040\000P\000r\000i\000n\000c\000i\000p\000a\000l\000\040\000C\000o\000m\000p\000o\000n\000e\000n\000t\000s\000?}{subsection.6.1}% 49
\BOOKMARK [2][-]{subsection.6.2}{\376\377\000R\000i\000d\000g\000e\000\040\000R\000e\000g\000r\000e\000s\000s\000i\000o\000n}{section.6}% 50
\BOOKMARK [2][-]{subsection.6.3}{\376\377\000L\000a\000s\000s\000o\000\040\000R\000e\000g\000r\000e\000s\000s\000i\000o\000n}{section.6}% 51
\BOOKMARK [2][-]{subsection.6.4}{\376\377\000C\000o\000m\000p\000a\000r\000i\000n\000g\000\040\000R\000i\000d\000g\000e\000\040\000R\000e\000g\000r\000e\000s\000s\000i\000o\000n\000\040\000a\000n\000d\000\040\000L\000a\000s\000s\000o}{section.6}% 52
\BOOKMARK [1][-]{section.7}{\376\377\000A\000N\000O\000V\000A\000:\000\040\000C\000o\000m\000p\000a\000r\000a\000t\000i\000v\000e\000\040\000E\000x\000p\000e\000r\000i\000m\000e\000n\000t\000s}{}% 53
\BOOKMARK [2][-]{subsection.7.1}{\376\377\000T\000e\000r\000m\000i\000n\000o\000l\000o\000g\000y}{section.7}% 54
\BOOKMARK [2][-]{subsection.7.2}{\376\377\000D\000a\000t\000a}{section.7}% 55
\BOOKMARK [2][-]{subsection.7.3}{\376\377\000A\000N\000O\000V\000A\000\040\000M\000o\000d\000e\000l}{section.7}% 56
\BOOKMARK [3][-]{subsubsection.7.3.1}{\376\377\000A\000N\000O\000V\000A\000\040\000M\000e\000a\000n\000s\000\040\000M\000o\000d\000e\000l\000\040\000\050\000C\000e\000l\000l\000\040\000M\000e\000a\000n\000s\000\040\000M\000o\000d\000e\000l\000\051}{subsection.7.3}% 57
\BOOKMARK [3][-]{subsubsection.7.3.2}{\376\377\000F\000a\000c\000t\000o\000r\000\040\000E\000f\000f\000e\000c\000t\000s\000\040\000M\000o\000d\000e\000l}{subsection.7.3}% 58
\BOOKMARK [2][-]{subsection.7.4}{\376\377\000M\000o\000d\000e\000l\000\040\000P\000r\000o\000p\000e\000r\000t\000i\000e\000s}{section.7}% 59
\BOOKMARK [2][-]{subsection.7.5}{\376\377\000M\000o\000d\000e\000l\000\040\000E\000s\000t\000i\000m\000a\000t\000i\000o\000n}{section.7}% 60
\BOOKMARK [2][-]{subsection.7.6}{\376\377\000F\000-\000t\000e\000s\000t}{section.7}% 61
\BOOKMARK [2][-]{subsection.7.7}{\376\377\000D\000i\000a\000g\000n\000o\000s\000t\000i\000c\000s\000\040\000f\000o\000r\000\040\000A\000N\000O\000V\000A\000\040\000M\000o\000d\000e\000l\000s}{section.7}% 62
\BOOKMARK [2][-]{subsection.7.8}{\376\377\000I\000n\000f\000e\000r\000e\000n\000c\000e\000\040\000f\000o\000r\000\040\000F\000a\000c\000t\000o\000r\000\040\000L\000e\000v\000e\000l\000\040\000M\000e\000a\000n\000s\000\040\000\050\000f\000u\000n\000c\000t\000i\000o\000n\000\040\000a\000b\000o\000u\000t\000\040\000t\000h\000e\000\040\000i\000s\000\051}{section.7}% 63
\BOOKMARK [3][-]{subsubsection.7.8.1}{\376\377\000A\000\040\000s\000i\000n\000g\000l\000e\000\040\000f\000a\000c\000t\000o\000r\000\040\000l\000e\000v\000e\000l\000\040\000m\000e\000a\000n}{subsection.7.8}% 64
\BOOKMARK [3][-]{subsubsection.7.8.2}{\376\377\000A\000\040\000d\000i\000f\000f\000e\000r\000e\000n\000c\000e\000\040\000b\000e\000t\000w\000e\000e\000n\000\040\000t\000w\000o\000\040\000f\000a\000c\000t\000o\000r\000\040\000l\000e\000v\000e\000l\000\040\000m\000e\000a\000n\000s}{subsection.7.8}% 65
\BOOKMARK [3][-]{subsubsection.7.8.3}{\376\377\000A\000\040\000c\000o\000n\000t\000r\000a\000s\000t\000\040\000a\000m\000o\000n\000g\000\040\000f\000a\000c\000t\000o\000r\000\040\000l\000e\000v\000e\000l\000\040\000m\000e\000a\000n\000s}{subsection.7.8}% 66
\BOOKMARK [3][-]{subsubsection.7.8.4}{\376\377\000A\000\040\000l\000i\000n\000e\000a\000r\000\040\000c\000o\000m\000b\000i\000n\000a\000t\000i\000o\000n\000\040\000o\000f\000\040\000f\000a\000c\000t\000o\000r\000\040\000l\000e\000v\000e\000l\000\040\000m\000e\000a\000n\000s}{subsection.7.8}% 67
\BOOKMARK [2][-]{subsection.7.9}{\376\377\000L\000i\000m\000i\000t\000a\000t\000i\000o\000n\000s\000\040\000o\000f\000\040\000I\000n\000f\000e\000r\000e\000n\000c\000e\000\040\000P\000r\000o\000c\000e\000d\000u\000r\000e\000s}{section.7}% 68
\BOOKMARK [2][-]{subsection.7.10}{\376\377\000B\000o\000n\000f\000e\000r\000r\000o\000n\000i\000\040\000C\000o\000r\000r\000e\000c\000t\000i\000o\000n\000\040\000m}{section.7}% 69
\BOOKMARK [2][-]{subsection.7.11}{\376\377\000T\000u\000k\000e\000y\040\031\000s\000\040\000P\000a\000i\000r\000e\000d\000\040\000C\000o\000m\000p\000a\000r\000i\000s\000o\000n\000\040\000P\000r\000o\000c\000e\000d\000u\000r\000e\000s}{section.7}% 70
\BOOKMARK [2][-]{subsection.7.12}{\376\377\000S\000c\000h\000e\000f\000f\000e\040\031\000s\000\040\000M\000e\000t\000h\000o\000d\000\040\000f\000o\000r\000\040\000C\000o\000n\000t\000r\000a\000s\000t\000s}{section.7}% 71
\BOOKMARK [1][-]{section.8}{\376\377\000T\000w\000o\000\040\000W\000a\000y\000\040\000A\000N\000O\000V\000A}{}% 72
\BOOKMARK [2][-]{subsection.8.1}{\376\377\000F\000a\000c\000t\000o\000r\000\040\000E\373\000\000e\000c\000t\000s\000\040\000M\000o\000d\000e\000l\000\040\000f\000o\000r\000\040\000T\000w\000o\000\040\000F\000a\000c\000t\000o\000r\000s}{section.8}% 73
\BOOKMARK [2][-]{subsection.8.2}{\376\377\000I\000n\000t\000e\000r\000a\000c\000t\000i\000o\000n\000\040\000P\000l\000o\000t\000s}{section.8}% 74
\BOOKMARK [2][-]{subsection.8.3}{\376\377\000P\000a\000r\000t\000i\000t\000i\000o\000n\000i\000n\000g\000\040\000o\000f\000\040\000T\000o\000t\000a\000l\000\040\000S\000u\000m\000\040\000o\000f\000\040\000S\000q\000u\000a\000r\000e\000s}{section.8}% 75
\BOOKMARK [2][-]{subsection.8.4}{\376\377\000P\000a\000r\000t\000i\000t\000i\000o\000n\000i\000n\000g\000\040\000o\000f\000\040\000T\000r\000e\000a\000t\000m\000e\000n\000t\000\040\000S\000u\000m\000\040\000o\000f\000\040\000S\000q\000u\000a\000r\000e\000s}{section.8}% 76
\BOOKMARK [2][-]{subsection.8.5}{\376\377\000A\000N\000O\000V\000A\000\040\000T\000a\000b\000l\000e}{section.8}% 77
\BOOKMARK [2][-]{subsection.8.6}{\376\377\000F\000-\000t\000e\000s\000t}{section.8}% 78
\BOOKMARK [2][-]{subsection.8.7}{\376\377\000E\000s\000t\000i\000m\000a\000t\000i\000o\000n\000\040\000o\000f\000\040\000F\000a\000c\000t\000o\000r\000\040\000L\000e\000v\000e\000l\000\040\000M\000e\000a\000n\000s}{section.8}% 79
\BOOKMARK [2][-]{subsection.8.8}{\376\377\000E\000s\000t\000i\000m\000a\000t\000i\000o\000n\000\040\000o\000f\000\040\000T\000r\000e\000a\000t\000m\000e\000n\000t\000\040\000M\000e\000a\000n\000s}{section.8}% 80
\BOOKMARK [1][-]{section.9}{\376\377\000T\000w\000o\000\040\000W\000a\000y\000\040\000A\000N\000O\000V\000A\000:\000\040\000S\000p\000e\000c\000i\000a\000l\000\040\000C\000a\000s\000e\000s}{}% 81
\BOOKMARK [2][-]{subsection.9.1}{\376\377\000U\000n\000b\000a\000l\000a\000n\000c\000e\000d\000\040\000A\000N\000O\000V\000A\000\040\000\050\000U\000s\000e\000\040\000P\000a\000r\000t\000i\000a\000l\000\040\000F\000-\000T\000e\000s\000t\000\040\000o\000r\000\040\000A\000N\000O\000V\000A\000\040\000t\000y\000p\000e\000\040\000I\000I\000I\000\040\000i\000n\000\040\000R\000\051}{section.9}% 82
\BOOKMARK [3][-]{subsubsection.9.1.1}{\376\377\000\040\000U\000s\000e\000\040\000P\000a\000r\000t\000i\000a\000l\000\040\000F\000-\000T\000e\000s\000t}{subsection.9.1}% 83
\BOOKMARK [3][-]{subsubsection.9.1.2}{\376\377\000A\000N\000O\000V\000A\000\040\000t\000y\000p\000e\000\040\000I\000I\000I\000\040\000i\000n\000\040\000R}{subsection.9.1}% 84
\BOOKMARK [2][-]{subsection.9.2}{\376\377\000\040\000B\000a\000l\000a\000n\000c\000e\000d\000\040\000A\000N\000O\000V\000A\000\040\000w\000i\000t\000h\000\040\000n\000\040\000=\000\040\0001\000\040\000\050\000T\000u\000k\000e\000y\040\031\000s\000\040\000T\000e\000s\000t\000\051}{section.9}% 85
\BOOKMARK [3][-]{subsubsection.9.2.1}{\376\377\000\040\000T\000u\000k\000e\000y\040\031\000s\000\040\000T\000e\000s\000t\000\040\000f\000o\000r\000\040\000A\000d\000d\000i\000t\000i\000v\000i\000t\000y}{subsection.9.2}% 86
\BOOKMARK [1][-]{section.10}{\376\377\000I\000n\000t\000r\000o\000d\000u\000c\000t\000i\000o\000n\000\040\000t\000o\000\040\000E\000x\000p\000e\000r\000i\000m\000e\000n\000t\000a\000l\000\040\000D\000e\000s\000i\000g\000n\000s}{}% 87
\BOOKMARK [2][-]{subsection.10.1}{\376\377\000\040\000E\000x\000p\000e\000r\000i\000m\000e\000n\000t\000a\000l\000\040\000v\000s\000.\000\040\000O\000b\000s\000e\000r\000v\000a\000t\000i\000o\000n\000a\000l\000\040\000S\000t\000u\000d\000y}{section.10}% 88
\BOOKMARK [2][-]{subsection.10.2}{\376\377\000\040\000P\000r\000i\000n\000c\000i\000p\000l\000e\000s\000\040\000o\000f\000\040\000E\000x\000p\000e\000r\000i\000m\000e\000n\000t\000a\000l\000\040\000D\000e\000s\000i\000g\000n}{section.10}% 89
\BOOKMARK [2][-]{subsection.10.3}{\376\377\000\040\000R\000a\000n\000d\000o\000m\000i\000z\000a\000t\000i\000o\000n\000\040\000T\000e\000s\000t}{section.10}% 90
\BOOKMARK [1][-]{section.11}{\376\377\000\040\000B\000l\000o\000c\000k\000i\000n\000g\000\040\000i\000n\000\040\000E\000x\000p\000e\000r\000i\000m\000e\000n\000t\000a\000l\000\040\000D\000e\000s\000i\000g\000n\000s}{}% 91
\BOOKMARK [2][-]{subsection.11.1}{\376\377\000\040\000R\000a\000n\000d\000o\000m\000i\000z\000e\000d\000\040\000C\000o\000m\000p\000l\000e\000t\000e\000\040\000B\000l\000o\000c\000k\000\040\000D\000e\000s\000i\000g\000n\000\040\000\050\000R\000C\000B\000D\000\051\000\040\000M\000o\000d\000e\000l}{section.11}% 92
\BOOKMARK [2][-]{subsection.11.2}{\376\377\000\040\000L\000a\000t\000i\000n\000\040\000S\000q\000u\000a\000r\000e\000s}{section.11}% 93
\BOOKMARK [3][-]{subsubsection.11.2.1}{\376\377\000E\000x\000a\000m\000p\000l\000e}{subsection.11.2}% 94
\BOOKMARK [3][-]{subsubsection.11.2.2}{\376\377\000\040\000F\000e\000a\000t\000u\000r\000e\000s\000\040\000o\000f\000\040\000a\000\040\000L\000a\000t\000i\000n\000\040\000S\000q\000u\000a\000r\000e\000\040\000D\000e\000s\000i\000g\000n}{subsection.11.2}% 95
\BOOKMARK [3][-]{subsubsection.11.2.3}{\376\377\000\040\000R\000a\000n\000d\000o\000m\000i\000z\000a\000t\000i\000o\000n\000\040\000i\000n\000\040\000L\000a\000t\000i\000n\000\040\000S\000q\000u\000a\000r\000e\000\040\000D\000e\000s\000i\000g\000n\000s}{subsection.11.2}% 96
\BOOKMARK [3][-]{subsubsection.11.2.4}{\376\377\000\040\000L\000a\000t\000i\000n\000\040\000S\000q\000u\000a\000r\000e\000\040\000M\000o\000d\000e\000l}{subsection.11.2}% 97
\BOOKMARK [2][-]{subsection.11.3}{\376\377\000\040\000B\000a\000l\000a\000n\000c\000e\000d\000\040\000I\000n\000c\000o\000m\000p\000l\000e\000t\000e\000\040\000B\000l\000o\000c\000k\000\040\000D\000e\000s\000i\000g\000n\000\040\000\050\000B\000I\000B\000D\000\051}{section.11}% 98
\BOOKMARK [2][-]{subsection.11.4}{\376\377\000\040\000B\000I\000B\000D\000\040\000R\000e\000m\000a\000r\000k\000s}{section.11}% 99
\BOOKMARK [1][-]{section.12}{\376\377\000\040\000L\000i\000n\000e\000a\000r\000\040\000M\000o\000d\000e\000l\000s\000\040\000w\000i\000t\000h\000\040\000R\000a\000n\000d\000o\000m\000\040\000E\000f\000f\000e\000c\000t\000s}{}% 100
\BOOKMARK [2][-]{subsection.12.1}{\376\377\000\040\000R\000a\000n\000d\000o\000m\000\040\000E\000f\000f\000e\000c\000t\000s}{section.12}% 101
\BOOKMARK [2][-]{subsection.12.2}{\376\377\000\040\000I\000n\000t\000r\000a\000c\000l\000a\000s\000s\000\040\000C\000o\000r\000r\000e\000l\000a\000t\000i\000o\000n}{section.12}% 102
\BOOKMARK [2][-]{subsection.12.3}{\376\377\000\040\000M\000i\000x\000e\000d\000\040\000M\000o\000d\000e\000l\000s}{section.12}% 103
\BOOKMARK [2][-]{subsection.12.4}{\376\377\000R\000E\000M\000L\000:\000\040\000r\000e\000s\000t\000r\000i\000c\000t\000e\000d\000\040\000m\000a\000x\000i\000m\000u\000m\000\040\000l\000i\000k\000e\000l\000i\000h\000o\000o\000d}{section.12}% 104
\BOOKMARK [2][-]{subsection.12.5}{\376\377\000M\000L\000\040\000E\000s\000t\000i\000m\000a\000t\000i\000o\000n}{section.12}% 105
\BOOKMARK [2][-]{subsection.12.6}{\376\377\000\040\000T\000e\000s\000t\000i\000n\000g\000\040\000a\000n\000d\000\040\000C\000o\000n\000f\000i\000d\000e\000n\000c\000e\000\040\000I\000n\000t\000e\000r\000v\000a\000l\000s}{section.12}% 106
\BOOKMARK [2][-]{subsection.12.7}{\376\377\000\040\000T\000e\000s\000t\000i\000n\000g\000\040\000t\000h\000e\000\040\000R\000a\000n\000d\000o\000m\000\040\000E\000f\000f\000e\000c\000t\000\040\000V\000a\000r\000i\000a\000n\000c\000e}{section.12}% 107
\BOOKMARK [2][-]{subsection.12.8}{\376\377\000P\000a\000r\000a\000m\000e\000t\000r\000i\000c\000\040\000B\000o\000o\000t\000s\000t\000r\000a\000p}{section.12}% 108
